{
  "stats": {
    "suites": 1,
    "tests": 3,
    "passes": 3,
    "pending": 0,
    "failures": 0,
    "start": "2023-03-28T04:24:21.092Z",
    "end": "2023-03-28T04:25:05.992Z",
    "duration": 44900,
    "testsRegistered": 3,
    "passPercent": 100,
    "pendingPercent": 0,
    "other": 0,
    "hasOther": false,
    "skipped": 0,
    "hasSkipped": false
  },
  "results": [
    {
      "uuid": "246b1e6c-55a1-4022-9100-28ab45619388",
      "title": "",
      "fullFile": "cypress/integration/app.spec.js",
      "file": "cypress/integration/app.spec.js",
      "beforeHooks": [],
      "afterHooks": [],
      "tests": [],
      "suites": [
        {
          "uuid": "ec55d9e7-4761-4415-ac5f-271ca46c515c",
          "title": "Web app tests",
          "fullFile": "",
          "file": "",
          "beforeHooks": [],
          "afterHooks": [],
          "tests": [
            {
              "title": "Check if basic element are visible",
              "fullTitle": "Web app tests Check if basic element are visible",
              "timedOut": null,
              "duration": 12239,
              "state": "passed",
              "speed": "slow",
              "pass": true,
              "fail": false,
              "pending": false,
              "context": null,
              "code": "cy.contains('Search');\ncy.contains('Log in');\ncy.contains('News');\ncy.contains('Contact us');\ncy.contains('Open Jobs');",
              "err": {},
              "uuid": "c2a3ed01-e07b-4bdd-a13a-93b733947c23",
              "parentUUID": "ec55d9e7-4761-4415-ac5f-271ca46c515c",
              "isHook": false,
              "skipped": false
            },
            {
              "title": "Not logged in user can filter by location and see job request list",
              "fullTitle": "Web app tests Not logged in user can filter by location and see job request list",
              "timedOut": null,
              "duration": 11146,
              "state": "passed",
              "speed": "slow",
              "pass": true,
              "fail": false,
              "pending": false,
              "context": null,
              "code": "const locationName = 'Stockholm';\ncy.filterByLocation(locationName);",
              "err": {},
              "uuid": "141ce23a-1234-476e-9bff-b1fbc2385276",
              "parentUUID": "ec55d9e7-4761-4415-ac5f-271ca46c515c",
              "isHook": false,
              "skipped": false
            },
            {
              "title": "Try to register an existing user",
              "fullTitle": "Web app tests Try to register an existing user",
              "timedOut": null,
              "duration": 21150,
              "state": "passed",
              "speed": "slow",
              "pass": true,
              "fail": false,
              "pending": false,
              "context": null,
              "code": "const firstName = Cypress.env('fistName');\nconst lastName = Cypress.env('lastName');\nconst email = Cypress.env('email');\nconst pass = Cypress.env('pass');\ncy.contains('Create account').click();\ncy.fillInUserRegisterForm(firstName, lastName, email, pass);\ncy.get('[type=\"submit\"]').click();\ncy.contains('This email address is already in use');",
              "err": {},
              "uuid": "ac272feb-a560-4f04-bab8-34ff21139323",
              "parentUUID": "ec55d9e7-4761-4415-ac5f-271ca46c515c",
              "isHook": false,
              "skipped": false
            }
          ],
          "suites": [],
          "passes": [
            "c2a3ed01-e07b-4bdd-a13a-93b733947c23",
            "141ce23a-1234-476e-9bff-b1fbc2385276",
            "ac272feb-a560-4f04-bab8-34ff21139323"
          ],
          "failures": [],
          "pending": [],
          "skipped": [],
          "duration": 44535,
          "root": false,
          "rootEmpty": false,
          "_timeout": 2000
        }
      ],
      "passes": [],
      "failures": [],
      "pending": [],
      "skipped": [],
      "duration": 0,
      "root": true,
      "rootEmpty": true,
      "_timeout": 2000
    }
  ],
  "meta": {
    "mocha": {
      "version": "7.0.1"
    },
    "mochawesome": {
      "options": {
        "quiet": false,
        "reportFilename": "mochawesome-results.json",
        "saveHtml": false,
        "saveJson": true,
        "consoleReporter": "spec",
        "useInlineDiffs": false,
        "code": true
      },
      "version": "7.1.3"
    },
    "marge": {
      "options": {
        "overwrite": false,
        "html": false,
        "json": true,
        "reportDir": "mochawesome-report",
        "reportFilename": "mochawesome-results.json",
        "suiteType": "prodSuite"
      },
      "version": "6.2.0"
    }
  }
}